<?xml version="1.0" encoding="UTF-8"?>
<!-- Generated by org.testng.reporters.JUnitXMLReporter -->
<testsuite ignored="0" hostname="DESKTOP-TV6G0LO" failures="3" tests="3" name="Test" time="79.8" errors="0" timestamp="03 Dec 2018 08:20:36 GMT">
  <testcase classname="com.actitime.tests.ValidloginlogoutTest" name="testValidLoginLogout" time="22.151">
    <failure type="java.lang.AssertionError" message="null">
      <![CDATA[java.lang.AssertionError: null
at com.actitime.generic.BasePage.verifyTitle(BasePage.java:36)
at com.actitime.pages.LoginPage.verifyPage(LoginPage.java:39)
at com.actitime.tests.ValidloginlogoutTest.testValidLoginLogout(ValidloginlogoutTest.java:50)
... Removed 27 stack frames]]>
    </failure>
  </testcase> <!-- testValidLoginLogout -->
  <testcase classname="com.actitime.tests.InvalidLoginTest" name="testInvalidLogin" time="10.268">
    <failure type="java.lang.AssertionError" message="null">
      <![CDATA[java.lang.AssertionError: null
at com.actitime.generic.BasePage.verifyTitle(BasePage.java:36)
at com.actitime.pages.LoginPage.verifyPage(LoginPage.java:39)
at com.actitime.tests.InvalidLoginTest.testInvalidLogin(InvalidLoginTest.java:30)
... Removed 27 stack frames]]>
    </failure>
  </testcase> <!-- testInvalidLogin -->
  <testcase classname="com.actitime.tests.VerifyVersionTest" name="testVerifyVersion" time="10.299">
    <failure type="java.lang.AssertionError" message="null">
      <![CDATA[java.lang.AssertionError: null
at com.actitime.generic.BasePage.verifyTitle(BasePage.java:36)
at com.actitime.pages.LoginPage.verifyPage(LoginPage.java:39)
at com.actitime.tests.VerifyVersionTest.testVerifyVersion(VerifyVersionTest.java:28)
... Removed 27 stack frames]]>
    </failure>
  </testcase> <!-- testVerifyVersion -->
</testsuite> <!-- Test -->
